Compiling the C compiler identification source file "CMakeCCompilerId.c" failed.
Compiler: /usr/bin/cc 
Build flags: 
Id flags:  

The output was:
1
/usr/bin/ld: cannot find Scrt1.o: Nincs ilyen fájl vagy könyvtár
/usr/bin/ld: cannot find crti.o: Nincs ilyen fájl vagy könyvtár
collect2: error: ld returned 1 exit status


Determining if the C compiler works failed with the following output:
Change Dir: /media/peti/Tároló/Egyetem/DSA_Labor/Labor 1/FirstProject/cmake-build-debug/CMakeFiles/CMakeTmp

Run Build Command(s):/usr/bin/make cmTC_18e76/fast && /usr/bin/make  -f CMakeFiles/cmTC_18e76.dir/build.make CMakeFiles/cmTC_18e76.dir/build
make[1]: Entering directory '/media/peti/Tároló/Egyetem/DSA_Labor/Labor 1/FirstProject/cmake-build-debug/CMakeFiles/CMakeTmp'
Building C object CMakeFiles/cmTC_18e76.dir/testCCompiler.c.o
/usr/bin/cc    -o CMakeFiles/cmTC_18e76.dir/testCCompiler.c.o   -c "/media/peti/Tároló/Egyetem/DSA_Labor/Labor 1/FirstProject/cmake-build-debug/CMakeFiles/CMakeTmp/testCCompiler.c"
Linking C executable cmTC_18e76
/snap/clion/139/bin/cmake/linux/bin/cmake -E cmake_link_script CMakeFiles/cmTC_18e76.dir/link.txt --verbose=1
/usr/bin/cc      CMakeFiles/cmTC_18e76.dir/testCCompiler.c.o  -o cmTC_18e76 
/usr/bin/ld: cannot find Scrt1.o: Nincs ilyen fájl vagy könyvtár
/usr/bin/ld: cannot find crti.o: Nincs ilyen fájl vagy könyvtár
collect2: error: ld returned 1 exit status
make[1]: *** [CMakeFiles/cmTC_18e76.dir/build.make:107: cmTC_18e76] Error 1
make[1]: Leaving directory '/media/peti/Tároló/Egyetem/DSA_Labor/Labor 1/FirstProject/cmake-build-debug/CMakeFiles/CMakeTmp'
make: *** [Makefile:141: cmTC_18e76/fast] Error 2



